
> tijucas-em-dados@0.1.0 dev
> vite --host 127.0.0.1 --port 5174 --strictPort


  [32m[1mVITE[22m v7.3.3[39m  [2mready in [0m[1m210[22m[2m[0m ms[22m

  [32m➜[39m  [1mLocal[22m:   [36mhttp://127.0.0.1:[1m5174[22m/[39m
[2m11:31:46[22m [36m[1m[vite][22m[39m [90m[2m(client)[22m[39m [32mhmr update [39m[2m/src/styles.css, /src/App.jsx[22m
[2m11:32:14[22m [36m[1m[vite][22m[39m [90m[2m(client)[22m[39m [32mhmr update [39m[2m/src/styles.css, /src/App.jsx[22m
[2m11:32:45[22m [36m[1m[vite][22m[39m [90m[2m(client)[22m[39m [32mhmr update [39m[2m/src/styles.css, /src/App.jsx[22m
[2m11:32:59[22m [36m[1m[vite][22m[39m [90m[2m(client)[22m[39m [32mhmr update [39m[2m/src/styles.css, /src/App.jsx[22m
[2m11:33:07[22m [36m[1m[vite][22m[39m [90m[2m(client)[22m[39m [32mhmr update [39m[2m/src/components/ThematicDashboard.jsx, /src/styles.css[22m
[2m13:24:34[22m [36m[1m[vite][22m[39m [90m[2m(client)[22m[39m [32mhmr update [39m[2m/src/components/ThematicDashboard.jsx, /src/styles.css[22m
[2m13:24:34[22m [36m[1m[vite][22m[39m [90m[2m(client)[22m[39m [32mhmr update [39m[2m/src/components/ThematicDashboard.jsx, /src/styles.css[22m
[2m15:26:39[22m [36m[1m[vite][22m[39m [90m[2m(client)[22m[39m [32mhmr update [39m[2m/src/components/MapCard.jsx, /src/styles.css[22m
[2m15:53:56[22m [36m[1m[vite][22m[39m [90m[2m(client)[22m[39m [32mhmr update [39m[2m/src/components/MapCard.jsx, /src/styles.css[22m
[2m16:01:20[22m [36m[1m[vite][22m[39m [90m[2m(client)[22m[39m [32mhmr update [39m[2m/src/components/MapCard.jsx, /src/styles.css[22m
[2m16:01:29[22m [36m[1m[vite][22m[39m [90m[2m(client)[22m[39m [32mhmr update [39m[2m/src/components/MapCard.jsx, /src/styles.css[22m
[2m16:25:24[22m [36m[1m[vite][22m[39m [90m[2m(client)[22m[39m [32mhmr update [39m[2m/src/components/MapCard.jsx, /src/styles.css[22m
[2m16:37:43[22m [36m[1m[vite][22m[39m [90m[2m(client)[22m[39m [32mhmr update [39m[2m/src/components/HeroSection.jsx, /src/styles.css[22m
[2m16:40:02[22m [36m[1m[vite][22m[39m [90m[2m(client)[22m[39m [32mhmr update [39m[2m/src/components/HeroSection.jsx, /src/styles.css[22m
[2m16:43:46[22m [36m[1m[vite][22m[39m [90m[2m(client)[22m[39m [32mhmr update [39m[2m/src/components/HeroSection.jsx, /src/styles.css[22m
[2m16:45:26[22m [36m[1m[vite][22m[39m [90m[2m(client)[22m[39m [32mhmr update [39m[2m/src/components/HeroSection.jsx, /src/styles.css[22m
[2m16:46:19[22m [36m[1m[vite][22m[39m [90m[2m(client)[22m[39m [32mhmr update [39m[2m/src/components/HeroSection.jsx, /src/styles.css[22m
